<?xml version="1.0" encoding="UTF-8"?>
<testsuite name="Assignment_02"
           tests="1"
           failures="1"
           errors="0"
           skipped="0"
           time="0.000">
  <properties />
            <testcase name="putCallTesting" time="0.000" classname="Phase3.Assignment02_RestAssured.putRequest">
                <failure type="org.testng.TestNGException"
                  message="
Cannot inject @Test annotated Method [putCallTesting] with [class java.lang.String].
For more information on native dependency injection please refer to https://testng.org/doc/documentation-main.html#native-dependency-injection"
              >
<![CDATA[org.testng.TestNGException: 
Cannot inject @Test annotated Method [putCallTesting] with [class java.lang.String].
For more information on native dependency injection please refer to https://testng.org/doc/documentation-main.html#native-dependency-injection
  org.testng.internal.Parameters.checkParameterTypes(Parameters.java:436)
  org.testng.internal.Parameters.createParametersForMethod(Parameters.java:350)
  org.testng.internal.Parameters.createParameters(Parameters.java:693)
  org.testng.internal.Parameters.handleParameters(Parameters.java:879)
  org.testng.internal.Parameters.handleParameters(Parameters.java:728)
  org.testng.internal.invokers.ParameterHandler.handleParameters(ParameterHandler.java:72)
  org.testng.internal.invokers.ParameterHandler.createParameters(ParameterHandler.java:51)
  org.testng.internal.invokers.TestInvoker$MethodInvocationAgent.invoke(TestInvoker.java:911)
  org.testng.internal.invokers.TestInvoker.invokeTestMethods(TestInvoker.java:200)
  org.testng.internal.invokers.TestMethodWorker.invokeTestMethods(TestMethodWorker.java:148)
  org.testng.internal.invokers.TestMethodWorker.run(TestMethodWorker.java:128)
  java.base/java.util.ArrayList.forEach(ArrayList.java:1596)
  org.testng.TestRunner.privateRun(TestRunner.java:848)
  org.testng.TestRunner.run(TestRunner.java:621)
  org.testng.SuiteRunner.runTest(SuiteRunner.java:443)
  org.testng.SuiteRunner.runSequentially(SuiteRunner.java:437)
  org.testng.SuiteRunner.privateRun(SuiteRunner.java:397)
  org.testng.SuiteRunner.run(SuiteRunner.java:336)
  org.testng.SuiteRunnerWorker.runSuite(SuiteRunnerWorker.java:52)
  org.testng.SuiteRunnerWorker.run(SuiteRunnerWorker.java:95)
  org.testng.TestNG.runSuitesSequentially(TestNG.java:1280)
  org.testng.TestNG.runSuitesLocally(TestNG.java:1200)
  org.testng.TestNG.runSuites(TestNG.java:1114)
  org.testng.TestNG.run(TestNG.java:1082)
  org.testng.remote.AbstractRemoteTestNG.run(AbstractRemoteTestNG.java:115)
  org.testng.remote.RemoteTestNG.initAndRun(RemoteTestNG.java:251)
  org.testng.remote.RemoteTestNG.main(RemoteTestNG.java:77)
]]>
      </failure>

          </testcase>
  
  
  
</testsuite>
